[ 2018-03-08T15:21:03+08:00 ] 127.0.0.1 /Power/index.php/Login/login.html
ERR: 系统不支持:mysql

[ 2018-03-08T15:22:28+08:00 ] 127.0.0.1 /Power/index.php/Login/login.html
ERR: 系统不支持:mysql

[ 2018-03-08T15:37:18+08:00 ] 127.0.0.1 /Power/index.php/Login/logout.html
INFO: [ app_begin ] --START--
INFO: ReadHtmlCache Behavior ::run [ RunTime:0.000498s ]
INFO: [ app_begin ] --END-- [ RunTime:0.000525s ]
NOTIC: [2] Declaration of CommonAction::error($message, $jumpUrl = '', $ajax = false) should be compatible with Action::error($message = '', $jumpUrl = '', $ajax = false) C:\Users\Asher\Documents\GitHub\Power\Lib\Action\CommonAction.class.php 第 549 行.
NOTIC: [2] Declaration of CommonAction::success($message, $jumpUrl = '', $ajax = false) should be compatible with Action::success($message = '', $jumpUrl = '', $ajax = false) C:\Users\Asher\Documents\GitHub\Power\Lib\Action\CommonAction.class.php 第 549 行.
NOTIC: [8] Use of undefined constant __PUBLIC__ - assumed '__PUBLIC__' C:\Users\Asher\Documents\GitHub\Power\Lib\Action\CommonAction.class.php 第 81 行.
NOTIC: [8] Use of undefined constant __PUBLIC__ - assumed '__PUBLIC__' C:\Users\Asher\Documents\GitHub\Power\Lib\Action\CommonAction.class.php 第 89 行.
NOTIC: [8] A session had already been started - ignoring session_start() C:\Users\Asher\Documents\GitHub\Power\Lib\Action\LoginAction.class.php 第 38 行.

[ 2018-03-08T15:37:18+08:00 ] 127.0.0.1 /Power/index.php/Login/index.html
INFO: [ app_begin ] --START--
INFO: ReadHtmlCache Behavior ::run [ RunTime:0.000451s ]
INFO: [ app_begin ] --END-- [ RunTime:0.000480s ]
NOTIC: [2] Declaration of CommonAction::error($message, $jumpUrl = '', $ajax = false) should be compatible with Action::error($message = '', $jumpUrl = '', $ajax = false) C:\Users\Asher\Documents\GitHub\Power\Lib\Action\CommonAction.class.php 第 549 行.
NOTIC: [2] Declaration of CommonAction::success($message, $jumpUrl = '', $ajax = false) should be compatible with Action::success($message = '', $jumpUrl = '', $ajax = false) C:\Users\Asher\Documents\GitHub\Power\Lib\Action\CommonAction.class.php 第 549 行.
NOTIC: [8] Use of undefined constant __PUBLIC__ - assumed '__PUBLIC__' C:\Users\Asher\Documents\GitHub\Power\Lib\Action\CommonAction.class.php 第 81 行.
NOTIC: [8] Use of undefined constant __PUBLIC__ - assumed '__PUBLIC__' C:\Users\Asher\Documents\GitHub\Power\Lib\Action\CommonAction.class.php 第 89 行.
NOTIC: [8] Constant APP_TMPL_PATH already defined C:\Users\Asher\Documents\GitHub\Power\ThinkPHP\Lib\Core\View.class.php 第 175 行.
INFO: [ view_parse ] --START--
INFO: ParseTemplate Behavior ::run [ RunTime:0.010155s ]
INFO: [ view_parse ] --END-- [ RunTime:0.010193s ]
INFO: [ view_filter ] --START--
INFO: ContentReplace Behavior ::run [ RunTime:0.000361s ]
INFO: TokenBuild Behavior ::run [ RunTime:0.000342s ]
INFO: WriteHtmlCache Behavior ::run [ RunTime:0.000281s ]
INFO: ShowRuntime Behavior ::run [ RunTime:0.000384s ]
INFO: [ view_filter ] --END-- [ RunTime:0.001426s ]
INFO: [ view_end ] --START--
INFO: ShowPageTrace Behavior ::run [ RunTime:0.000472s ]
INFO: [ view_end ] --END-- [ RunTime:0.000491s ]

[ 2018-03-08T15:38:49+08:00 ] 127.0.0.1 /Power/index.php/Login/login.html
ERR: 系统不支持:mysql

[ 2018-03-08T15:39:28+08:00 ] 127.0.0.1 /Power/index.php/User/dataJson?_dc=1520494768159
INFO: [ app_begin ] --START--
INFO: ReadHtmlCache Behavior ::run [ RunTime:0.000522s ]
INFO: [ app_begin ] --END-- [ RunTime:0.000558s ]
NOTIC: [2] Declaration of CommonAction::error($message, $jumpUrl = '', $ajax = false) should be compatible with Action::error($message = '', $jumpUrl = '', $ajax = false) C:\Users\Asher\Documents\GitHub\Power\Lib\Action\CommonAction.class.php 第 549 行.
NOTIC: [2] Declaration of CommonAction::success($message, $jumpUrl = '', $ajax = false) should be compatible with Action::success($message = '', $jumpUrl = '', $ajax = false) C:\Users\Asher\Documents\GitHub\Power\Lib\Action\CommonAction.class.php 第 549 行.
NOTIC: [8] Use of undefined constant __PUBLIC__ - assumed '__PUBLIC__' C:\Users\Asher\Documents\GitHub\Power\Lib\Action\CommonAction.class.php 第 81 行.
NOTIC: [8] Use of undefined constant __PUBLIC__ - assumed '__PUBLIC__' C:\Users\Asher\Documents\GitHub\Power\Lib\Action\CommonAction.class.php 第 89 行.
ERR: 系统不支持:mysql

[ 2018-03-08T15:39:41+08:00 ] 127.0.0.1 /Power/index.php/User/dataJson?_dc=1520494781887
INFO: [ app_begin ] --START--
INFO: ReadHtmlCache Behavior ::run [ RunTime:0.003201s ]
INFO: [ app_begin ] --END-- [ RunTime:0.003278s ]
NOTIC: [2] Declaration of CommonAction::error($message, $jumpUrl = '', $ajax = false) should be compatible with Action::error($message = '', $jumpUrl = '', $ajax = false) C:\Users\Asher\Documents\GitHub\Power\Lib\Action\CommonAction.class.php 第 549 行.
NOTIC: [2] Declaration of CommonAction::success($message, $jumpUrl = '', $ajax = false) should be compatible with Action::success($message = '', $jumpUrl = '', $ajax = false) C:\Users\Asher\Documents\GitHub\Power\Lib\Action\CommonAction.class.php 第 549 行.
NOTIC: [8] Use of undefined constant __PUBLIC__ - assumed '__PUBLIC__' C:\Users\Asher\Documents\GitHub\Power\Lib\Action\CommonAction.class.php 第 81 行.
NOTIC: [8] Use of undefined constant __PUBLIC__ - assumed '__PUBLIC__' C:\Users\Asher\Documents\GitHub\Power\Lib\Action\CommonAction.class.php 第 89 行.
ERR: 系统不支持:mysql

[ 2018-03-08T15:39:45+08:00 ] 127.0.0.1 /Power/index.php/Goods/dataJson?_dc=1520494785332
INFO: [ app_begin ] --START--
INFO: ReadHtmlCache Behavior ::run [ RunTime:0.000498s ]
INFO: [ app_begin ] --END-- [ RunTime:0.000530s ]
NOTIC: [2] Declaration of CommonAction::error($message, $jumpUrl = '', $ajax = false) should be compatible with Action::error($message = '', $jumpUrl = '', $ajax = false) C:\Users\Asher\Documents\GitHub\Power\Lib\Action\CommonAction.class.php 第 549 行.
NOTIC: [2] Declaration of CommonAction::success($message, $jumpUrl = '', $ajax = false) should be compatible with Action::success($message = '', $jumpUrl = '', $ajax = false) C:\Users\Asher\Documents\GitHub\Power\Lib\Action\CommonAction.class.php 第 549 行.
NOTIC: [8] Use of undefined constant __PUBLIC__ - assumed '__PUBLIC__' C:\Users\Asher\Documents\GitHub\Power\Lib\Action\CommonAction.class.php 第 81 行.
NOTIC: [8] Use of undefined constant __PUBLIC__ - assumed '__PUBLIC__' C:\Users\Asher\Documents\GitHub\Power\Lib\Action\CommonAction.class.php 第 89 行.
ERR: 系统不支持:mysql

[ 2018-03-08T15:39:47+08:00 ] 127.0.0.1 /Power/index.php/Type/dataJson?_dc=1520494787081
INFO: [ app_begin ] --START--
INFO: ReadHtmlCache Behavior ::run [ RunTime:0.000545s ]
INFO: [ app_begin ] --END-- [ RunTime:0.000578s ]
NOTIC: [2] Declaration of CommonAction::error($message, $jumpUrl = '', $ajax = false) should be compatible with Action::error($message = '', $jumpUrl = '', $ajax = false) C:\Users\Asher\Documents\GitHub\Power\Lib\Action\CommonAction.class.php 第 549 行.
NOTIC: [2] Declaration of CommonAction::success($message, $jumpUrl = '', $ajax = false) should be compatible with Action::success($message = '', $jumpUrl = '', $ajax = false) C:\Users\Asher\Documents\GitHub\Power\Lib\Action\CommonAction.class.php 第 549 行.
NOTIC: [8] Use of undefined constant __PUBLIC__ - assumed '__PUBLIC__' C:\Users\Asher\Documents\GitHub\Power\Lib\Action\CommonAction.class.php 第 81 行.
NOTIC: [8] Use of undefined constant __PUBLIC__ - assumed '__PUBLIC__' C:\Users\Asher\Documents\GitHub\Power\Lib\Action\CommonAction.class.php 第 89 行.
ERR: 系统不支持:mysql

[ 2018-03-08T15:39:47+08:00 ] 127.0.0.1 /Power/index.php/Product/dataJson?_dc=1520494787080
INFO: [ app_begin ] --START--
INFO: ReadHtmlCache Behavior ::run [ RunTime:0.002133s ]
INFO: [ app_begin ] --END-- [ RunTime:0.002163s ]
NOTIC: [2] Declaration of CommonAction::error($message, $jumpUrl = '', $ajax = false) should be compatible with Action::error($message = '', $jumpUrl = '', $ajax = false) C:\Users\Asher\Documents\GitHub\Power\Lib\Action\CommonAction.class.php 第 549 行.
NOTIC: [2] Declaration of CommonAction::success($message, $jumpUrl = '', $ajax = false) should be compatible with Action::success($message = '', $jumpUrl = '', $ajax = false) C:\Users\Asher\Documents\GitHub\Power\Lib\Action\CommonAction.class.php 第 549 行.
NOTIC: [8] Use of undefined constant __PUBLIC__ - assumed '__PUBLIC__' C:\Users\Asher\Documents\GitHub\Power\Lib\Action\CommonAction.class.php 第 81 行.
NOTIC: [8] Use of undefined constant __PUBLIC__ - assumed '__PUBLIC__' C:\Users\Asher\Documents\GitHub\Power\Lib\Action\CommonAction.class.php 第 89 行.
ERR: 系统不支持:mysql

[ 2018-03-08T15:39:47+08:00 ] 127.0.0.1 /Power/index.php/Org/dataJson?_dc=1520494787082
INFO: [ app_begin ] --START--
INFO: ReadHtmlCache Behavior ::run [ RunTime:0.000484s ]
INFO: [ app_begin ] --END-- [ RunTime:0.000519s ]
NOTIC: [2] Declaration of CommonAction::error($message, $jumpUrl = '', $ajax = false) should be compatible with Action::error($message = '', $jumpUrl = '', $ajax = false) C:\Users\Asher\Documents\GitHub\Power\Lib\Action\CommonAction.class.php 第 549 行.
NOTIC: [2] Declaration of CommonAction::success($message, $jumpUrl = '', $ajax = false) should be compatible with Action::success($message = '', $jumpUrl = '', $ajax = false) C:\Users\Asher\Documents\GitHub\Power\Lib\Action\CommonAction.class.php 第 549 行.
NOTIC: [8] Use of undefined constant __PUBLIC__ - assumed '__PUBLIC__' C:\Users\Asher\Documents\GitHub\Power\Lib\Action\CommonAction.class.php 第 81 行.
NOTIC: [8] Use of undefined constant __PUBLIC__ - assumed '__PUBLIC__' C:\Users\Asher\Documents\GitHub\Power\Lib\Action\CommonAction.class.php 第 89 行.
ERR: 系统不支持:mysql

[ 2018-03-08T15:41:39+08:00 ] 127.0.0.1 /Power/index.php/Goal/index.html
ERR: 系统不支持:mysql

[ 2018-03-08T15:41:46+08:00 ] 127.0.0.1 /Power/index.php/Comment/dataJson?_dc=1520494906409
INFO: [ app_begin ] --START--
INFO: ReadHtmlCache Behavior ::run [ RunTime:0.000676s ]
INFO: [ app_begin ] --END-- [ RunTime:0.000717s ]
NOTIC: [2] Declaration of CommonAction::error($message, $jumpUrl = '', $ajax = false) should be compatible with Action::error($message = '', $jumpUrl = '', $ajax = false) C:\Users\Asher\Documents\GitHub\Power\Lib\Action\CommonAction.class.php 第 549 行.
NOTIC: [2] Declaration of CommonAction::success($message, $jumpUrl = '', $ajax = false) should be compatible with Action::success($message = '', $jumpUrl = '', $ajax = false) C:\Users\Asher\Documents\GitHub\Power\Lib\Action\CommonAction.class.php 第 549 行.
NOTIC: [2] Declaration of CommentAction::save() should be compatible with CommonAction::save($data = '', $model = '') C:\Users\Asher\Documents\GitHub\Power\Lib\Action\CommentAction.class.php 第 2 行.
NOTIC: [8] Use of undefined constant __PUBLIC__ - assumed '__PUBLIC__' C:\Users\Asher\Documents\GitHub\Power\Lib\Action\CommonAction.class.php 第 81 行.
NOTIC: [8] Use of undefined constant __PUBLIC__ - assumed '__PUBLIC__' C:\Users\Asher\Documents\GitHub\Power\Lib\Action\CommonAction.class.php 第 89 行.
ERR: 系统不支持:mysql

[ 2018-03-08T15:41:51+08:00 ] 127.0.0.1 /Power/index.php/Type/dataJson?_dc=1520494911851
INFO: [ app_begin ] --START--
INFO: ReadHtmlCache Behavior ::run [ RunTime:0.001312s ]
INFO: [ app_begin ] --END-- [ RunTime:0.001423s ]
NOTIC: [2] Declaration of CommonAction::error($message, $jumpUrl = '', $ajax = false) should be compatible with Action::error($message = '', $jumpUrl = '', $ajax = false) C:\Users\Asher\Documents\GitHub\Power\Lib\Action\CommonAction.class.php 第 549 行.
NOTIC: [2] Declaration of CommonAction::success($message, $jumpUrl = '', $ajax = false) should be compatible with Action::success($message = '', $jumpUrl = '', $ajax = false) C:\Users\Asher\Documents\GitHub\Power\Lib\Action\CommonAction.class.php 第 549 行.
NOTIC: [8] Use of undefined constant __PUBLIC__ - assumed '__PUBLIC__' C:\Users\Asher\Documents\GitHub\Power\Lib\Action\CommonAction.class.php 第 81 行.
NOTIC: [8] Use of undefined constant __PUBLIC__ - assumed '__PUBLIC__' C:\Users\Asher\Documents\GitHub\Power\Lib\Action\CommonAction.class.php 第 89 行.
ERR: 系统不支持:mysql

[ 2018-03-08T15:56:03+08:00 ] 127.0.0.1 /Power/index.php/Org/dataJson?_dc=1520495763881
INFO: [ app_begin ] --START--
INFO: ReadHtmlCache Behavior ::run [ RunTime:0.000627s ]
INFO: [ app_begin ] --END-- [ RunTime:0.000660s ]
NOTIC: [2] Declaration of CommonAction::error($message, $jumpUrl = '', $ajax = false) should be compatible with Action::error($message = '', $jumpUrl = '', $ajax = false) C:\Users\Asher\Documents\GitHub\Power\Lib\Action\CommonAction.class.php 第 549 行.
NOTIC: [2] Declaration of CommonAction::success($message, $jumpUrl = '', $ajax = false) should be compatible with Action::success($message = '', $jumpUrl = '', $ajax = false) C:\Users\Asher\Documents\GitHub\Power\Lib\Action\CommonAction.class.php 第 549 行.
NOTIC: [8] Use of undefined constant __PUBLIC__ - assumed '__PUBLIC__' C:\Users\Asher\Documents\GitHub\Power\Lib\Action\CommonAction.class.php 第 81 行.
NOTIC: [8] Use of undefined constant __PUBLIC__ - assumed '__PUBLIC__' C:\Users\Asher\Documents\GitHub\Power\Lib\Action\CommonAction.class.php 第 89 行.
ERR: 系统不支持:mysql

[ 2018-03-08T15:56:05+08:00 ] 127.0.0.1 /Power/index.php/Product/dataJson?_dc=1520495765137
INFO: [ app_begin ] --START--
INFO: ReadHtmlCache Behavior ::run [ RunTime:0.000385s ]
INFO: [ app_begin ] --END-- [ RunTime:0.000410s ]
NOTIC: [2] Declaration of CommonAction::error($message, $jumpUrl = '', $ajax = false) should be compatible with Action::error($message = '', $jumpUrl = '', $ajax = false) C:\Users\Asher\Documents\GitHub\Power\Lib\Action\CommonAction.class.php 第 549 行.
NOTIC: [2] Declaration of CommonAction::success($message, $jumpUrl = '', $ajax = false) should be compatible with Action::success($message = '', $jumpUrl = '', $ajax = false) C:\Users\Asher\Documents\GitHub\Power\Lib\Action\CommonAction.class.php 第 549 行.
NOTIC: [8] Use of undefined constant __PUBLIC__ - assumed '__PUBLIC__' C:\Users\Asher\Documents\GitHub\Power\Lib\Action\CommonAction.class.php 第 81 行.
NOTIC: [8] Use of undefined constant __PUBLIC__ - assumed '__PUBLIC__' C:\Users\Asher\Documents\GitHub\Power\Lib\Action\CommonAction.class.php 第 89 行.
ERR: 系统不支持:mysql

[ 2018-03-08T15:56:05+08:00 ] 127.0.0.1 /Power/index.php/Type/dataJson?_dc=1520495765145
INFO: [ app_begin ] --START--
INFO: ReadHtmlCache Behavior ::run [ RunTime:0.000583s ]
INFO: [ app_begin ] --END-- [ RunTime:0.000616s ]
NOTIC: [2] Declaration of CommonAction::error($message, $jumpUrl = '', $ajax = false) should be compatible with Action::error($message = '', $jumpUrl = '', $ajax = false) C:\Users\Asher\Documents\GitHub\Power\Lib\Action\CommonAction.class.php 第 549 行.
NOTIC: [2] Declaration of CommonAction::success($message, $jumpUrl = '', $ajax = false) should be compatible with Action::success($message = '', $jumpUrl = '', $ajax = false) C:\Users\Asher\Documents\GitHub\Power\Lib\Action\CommonAction.class.php 第 549 行.
NOTIC: [8] Use of undefined constant __PUBLIC__ - assumed '__PUBLIC__' C:\Users\Asher\Documents\GitHub\Power\Lib\Action\CommonAction.class.php 第 81 行.
NOTIC: [8] Use of undefined constant __PUBLIC__ - assumed '__PUBLIC__' C:\Users\Asher\Documents\GitHub\Power\Lib\Action\CommonAction.class.php 第 89 行.
ERR: 系统不支持:mysql

[ 2018-03-08T15:56:05+08:00 ] 127.0.0.1 /Power/index.php/Org/dataJson?_dc=1520495765148
INFO: [ app_begin ] --START--
INFO: ReadHtmlCache Behavior ::run [ RunTime:0.000539s ]
INFO: [ app_begin ] --END-- [ RunTime:0.000579s ]
NOTIC: [2] Declaration of CommonAction::error($message, $jumpUrl = '', $ajax = false) should be compatible with Action::error($message = '', $jumpUrl = '', $ajax = false) C:\Users\Asher\Documents\GitHub\Power\Lib\Action\CommonAction.class.php 第 549 行.
NOTIC: [2] Declaration of CommonAction::success($message, $jumpUrl = '', $ajax = false) should be compatible with Action::success($message = '', $jumpUrl = '', $ajax = false) C:\Users\Asher\Documents\GitHub\Power\Lib\Action\CommonAction.class.php 第 549 行.
NOTIC: [8] Use of undefined constant __PUBLIC__ - assumed '__PUBLIC__' C:\Users\Asher\Documents\GitHub\Power\Lib\Action\CommonAction.class.php 第 81 行.
NOTIC: [8] Use of undefined constant __PUBLIC__ - assumed '__PUBLIC__' C:\Users\Asher\Documents\GitHub\Power\Lib\Action\CommonAction.class.php 第 89 行.
ERR: 系统不支持:mysql

[ 2018-03-08T15:56:06+08:00 ] 127.0.0.1 /Power/index.php/User/dataJson?_dc=1520495766943
INFO: [ app_begin ] --START--
INFO: ReadHtmlCache Behavior ::run [ RunTime:0.001136s ]
INFO: [ app_begin ] --END-- [ RunTime:0.001206s ]
NOTIC: [2] Declaration of CommonAction::error($message, $jumpUrl = '', $ajax = false) should be compatible with Action::error($message = '', $jumpUrl = '', $ajax = false) C:\Users\Asher\Documents\GitHub\Power\Lib\Action\CommonAction.class.php 第 549 行.
NOTIC: [2] Declaration of CommonAction::success($message, $jumpUrl = '', $ajax = false) should be compatible with Action::success($message = '', $jumpUrl = '', $ajax = false) C:\Users\Asher\Documents\GitHub\Power\Lib\Action\CommonAction.class.php 第 549 行.
NOTIC: [8] Use of undefined constant __PUBLIC__ - assumed '__PUBLIC__' C:\Users\Asher\Documents\GitHub\Power\Lib\Action\CommonAction.class.php 第 81 行.
NOTIC: [8] Use of undefined constant __PUBLIC__ - assumed '__PUBLIC__' C:\Users\Asher\Documents\GitHub\Power\Lib\Action\CommonAction.class.php 第 89 行.
ERR: 系统不支持:mysql

[ 2018-03-08T15:56:43+08:00 ] 127.0.0.1 /Power/index.php/Login/test
ERR: 非法操作:test

[ 2018-03-08T16:02:05+08:00 ] 127.0.0.1 /Power/index.php/Login/test
ERR: 系统不支持:mysql

[ 2018-03-08T16:04:38+08:00 ] 127.0.0.1 /Power/index.php/Login/test
ERR: 系统不支持:mysql

[ 2018-03-08T16:50:14+08:00 ] 127.0.0.1 /Power/index.php/Comment/dataJson?_dc=1520499014689
INFO: [ app_begin ] --START--
INFO: ReadHtmlCache Behavior ::run [ RunTime:0.000413s ]
INFO: [ app_begin ] --END-- [ RunTime:0.000440s ]
NOTIC: [2] Declaration of CommonAction::error($message, $jumpUrl = '', $ajax = false) should be compatible with Action::error($message = '', $jumpUrl = '', $ajax = false) C:\Users\Asher\Documents\GitHub\Power\Lib\Action\CommonAction.class.php 第 549 行.
NOTIC: [2] Declaration of CommonAction::success($message, $jumpUrl = '', $ajax = false) should be compatible with Action::success($message = '', $jumpUrl = '', $ajax = false) C:\Users\Asher\Documents\GitHub\Power\Lib\Action\CommonAction.class.php 第 549 行.
NOTIC: [2] Declaration of CommentAction::save() should be compatible with CommonAction::save($data = '', $model = '') C:\Users\Asher\Documents\GitHub\Power\Lib\Action\CommentAction.class.php 第 2 行.
NOTIC: [8] Use of undefined constant __PUBLIC__ - assumed '__PUBLIC__' C:\Users\Asher\Documents\GitHub\Power\Lib\Action\CommonAction.class.php 第 81 行.
NOTIC: [8] Use of undefined constant __PUBLIC__ - assumed '__PUBLIC__' C:\Users\Asher\Documents\GitHub\Power\Lib\Action\CommonAction.class.php 第 89 行.
SQL: SHOW COLUMNS FROM `flower_comment` [ RunTime:0.145540s ]
NOTIC: [8] Undefined index: _in C:\Users\Asher\Documents\GitHub\Power\Lib\Action\CommonAction.class.php 第 328 行.
NOTIC: [2] preg_replace(): The /e modifier is no longer supported, use preg_replace_callback instead C:\Users\Asher\Documents\GitHub\Power\ThinkPHP\Lib\Core\Db.class.php 第 605 行.
SQL: SELECT COUNT(*) AS tp_count FROM `flower_comment` WHERE (  c_status <> "del"  ) LIMIT 1   [ RunTime:0.011786s ]
NOTIC: [2] preg_replace(): The /e modifier is no longer supported, use preg_replace_callback instead C:\Users\Asher\Documents\GitHub\Power\ThinkPHP\Lib\Core\Db.class.php 第 605 行.
SQL: SELECT flower_product.p_name,flower_comment.* FROM `flower_comment` WHERE (  c_status <> "del"  ) LIMIT 0,20   [ RunTime:0.034283s ]
ERR: 1054:Unknown column 'flower_product.p_name' in 'field list'
 [ SQL语句 ] : SELECT flower_product.p_name,flower_comment.* FROM `flower_comment` WHERE (  c_status <> "del"  ) LIMIT 0,20  

