[ 2018-04-18T14:14:08+08:00 ] 127.0.0.1 /Power/index.php/User/dataJson?_dc=1524032048079
INFO: [ app_begin ] --START--
INFO: ReadHtmlCache Behavior ::run [ RunTime:0.000367s ]
INFO: [ app_begin ] --END-- [ RunTime:0.000387s ]
NOTIC: [2] Declaration of CommonAction::error($message, $jumpUrl = '', $ajax = false) should be compatible with Action::error($message = '', $jumpUrl = '', $ajax = false) C:\Users\Asher\Documents\GitHub\Power\Lib\Action\CommonAction.class.php 第 549 行.
NOTIC: [2] Declaration of CommonAction::success($message, $jumpUrl = '', $ajax = false) should be compatible with Action::success($message = '', $jumpUrl = '', $ajax = false) C:\Users\Asher\Documents\GitHub\Power\Lib\Action\CommonAction.class.php 第 549 行.
NOTIC: [8] Use of undefined constant __PUBLIC__ - assumed '__PUBLIC__' C:\Users\Asher\Documents\GitHub\Power\Lib\Action\CommonAction.class.php 第 81 行.
NOTIC: [8] Use of undefined constant __PUBLIC__ - assumed '__PUBLIC__' C:\Users\Asher\Documents\GitHub\Power\Lib\Action\CommonAction.class.php 第 89 行.
SQL: SHOW COLUMNS FROM `flower_user` [ RunTime:0.035931s ]
NOTIC: [8] Undefined index: _in C:\Users\Asher\Documents\GitHub\Power\Lib\Action\CommonAction.class.php 第 328 行.
NOTIC: [2] preg_replace(): The /e modifier is no longer supported, use preg_replace_callback instead C:\Users\Asher\Documents\GitHub\Power\ThinkPHP\Lib\Core\Db.class.php 第 605 行.
SQL: SELECT COUNT(*) AS tp_count FROM `flower_user` WHERE (  u_status <> "del"  ) LIMIT 1   [ RunTime:0.015828s ]
NOTIC: [2] preg_replace(): The /e modifier is no longer supported, use preg_replace_callback instead C:\Users\Asher\Documents\GitHub\Power\ThinkPHP\Lib\Core\Db.class.php 第 605 行.
SQL: SELECT * FROM `flower_user` WHERE (  u_status <> "del"  ) LIMIT 0,20   [ RunTime:0.005332s ]

[ 2018-04-18T14:14:14+08:00 ] 127.0.0.1 /Power/index.php/Product/dataJson?_dc=1524032054021
INFO: [ app_begin ] --START--
INFO: ReadHtmlCache Behavior ::run [ RunTime:0.000389s ]
INFO: [ app_begin ] --END-- [ RunTime:0.000413s ]
NOTIC: [2] Declaration of CommonAction::error($message, $jumpUrl = '', $ajax = false) should be compatible with Action::error($message = '', $jumpUrl = '', $ajax = false) C:\Users\Asher\Documents\GitHub\Power\Lib\Action\CommonAction.class.php 第 549 行.
NOTIC: [2] Declaration of CommonAction::success($message, $jumpUrl = '', $ajax = false) should be compatible with Action::success($message = '', $jumpUrl = '', $ajax = false) C:\Users\Asher\Documents\GitHub\Power\Lib\Action\CommonAction.class.php 第 549 行.
NOTIC: [8] Use of undefined constant __PUBLIC__ - assumed '__PUBLIC__' C:\Users\Asher\Documents\GitHub\Power\Lib\Action\CommonAction.class.php 第 81 行.
NOTIC: [8] Use of undefined constant __PUBLIC__ - assumed '__PUBLIC__' C:\Users\Asher\Documents\GitHub\Power\Lib\Action\CommonAction.class.php 第 89 行.
SQL: SHOW COLUMNS FROM `flower_product` [ RunTime:0.062455s ]
NOTIC: [8] Undefined index: _in C:\Users\Asher\Documents\GitHub\Power\Lib\Action\CommonAction.class.php 第 328 行.
NOTIC: [2] preg_replace(): The /e modifier is no longer supported, use preg_replace_callback instead C:\Users\Asher\Documents\GitHub\Power\ThinkPHP\Lib\Core\Db.class.php 第 605 行.
SQL: SELECT COUNT(*) AS tp_count FROM `flower_product` WHERE (  p_status <> "del"  ) LIMIT 1   [ RunTime:0.000300s ]
NOTIC: [2] preg_replace(): The /e modifier is no longer supported, use preg_replace_callback instead C:\Users\Asher\Documents\GitHub\Power\ThinkPHP\Lib\Core\Db.class.php 第 605 行.
SQL: SELECT flower_type.t_name,flower_type.t_id as p_type_id,flower_org.org_name,flower_org.org_id as p_org_id,flower_product.* FROM `flower_product` WHERE (  p_status <> "del"  ) LIMIT 0,20   [ RunTime:0.026622s ]
ERR: 1054:Unknown column 'flower_type.t_name' in 'field list'
 [ SQL语句 ] : SELECT flower_type.t_name,flower_type.t_id as p_type_id,flower_org.org_name,flower_org.org_id as p_org_id,flower_product.* FROM `flower_product` WHERE (  p_status <> "del"  ) LIMIT 0,20  

[ 2018-04-18T14:14:14+08:00 ] 127.0.0.1 /Power/index.php/Type/dataJson?_dc=1524032054022
INFO: [ app_begin ] --START--
INFO: ReadHtmlCache Behavior ::run [ RunTime:0.000493s ]
INFO: [ app_begin ] --END-- [ RunTime:0.000521s ]
NOTIC: [2] Declaration of CommonAction::error($message, $jumpUrl = '', $ajax = false) should be compatible with Action::error($message = '', $jumpUrl = '', $ajax = false) C:\Users\Asher\Documents\GitHub\Power\Lib\Action\CommonAction.class.php 第 549 行.
NOTIC: [2] Declaration of CommonAction::success($message, $jumpUrl = '', $ajax = false) should be compatible with Action::success($message = '', $jumpUrl = '', $ajax = false) C:\Users\Asher\Documents\GitHub\Power\Lib\Action\CommonAction.class.php 第 549 行.
NOTIC: [8] Use of undefined constant __PUBLIC__ - assumed '__PUBLIC__' C:\Users\Asher\Documents\GitHub\Power\Lib\Action\CommonAction.class.php 第 81 行.
NOTIC: [8] Use of undefined constant __PUBLIC__ - assumed '__PUBLIC__' C:\Users\Asher\Documents\GitHub\Power\Lib\Action\CommonAction.class.php 第 89 行.
SQL: SHOW COLUMNS FROM `flower_type` [ RunTime:0.068950s ]
NOTIC: [8] Undefined index: _in C:\Users\Asher\Documents\GitHub\Power\Lib\Action\CommonAction.class.php 第 328 行.
NOTIC: [2] preg_replace(): The /e modifier is no longer supported, use preg_replace_callback instead C:\Users\Asher\Documents\GitHub\Power\ThinkPHP\Lib\Core\Db.class.php 第 605 行.
SQL: SELECT COUNT(*) AS tp_count FROM `flower_type` WHERE (  t_status <> "del"  ) LIMIT 1   [ RunTime:0.000293s ]
NOTIC: [2] preg_replace(): The /e modifier is no longer supported, use preg_replace_callback instead C:\Users\Asher\Documents\GitHub\Power\ThinkPHP\Lib\Core\Db.class.php 第 605 行.
SQL: SELECT * FROM `flower_type` WHERE (  t_status <> "del"  ) LIMIT 0,20   [ RunTime:0.000164s ]

[ 2018-04-18T14:14:14+08:00 ] 127.0.0.1 /Power/index.php/Org/dataJson?_dc=1524032054025
INFO: [ app_begin ] --START--
INFO: ReadHtmlCache Behavior ::run [ RunTime:0.000769s ]
INFO: [ app_begin ] --END-- [ RunTime:0.001066s ]
NOTIC: [2] Declaration of CommonAction::error($message, $jumpUrl = '', $ajax = false) should be compatible with Action::error($message = '', $jumpUrl = '', $ajax = false) C:\Users\Asher\Documents\GitHub\Power\Lib\Action\CommonAction.class.php 第 549 行.
NOTIC: [2] Declaration of CommonAction::success($message, $jumpUrl = '', $ajax = false) should be compatible with Action::success($message = '', $jumpUrl = '', $ajax = false) C:\Users\Asher\Documents\GitHub\Power\Lib\Action\CommonAction.class.php 第 549 行.
NOTIC: [8] Use of undefined constant __PUBLIC__ - assumed '__PUBLIC__' C:\Users\Asher\Documents\GitHub\Power\Lib\Action\CommonAction.class.php 第 81 行.
NOTIC: [8] Use of undefined constant __PUBLIC__ - assumed '__PUBLIC__' C:\Users\Asher\Documents\GitHub\Power\Lib\Action\CommonAction.class.php 第 89 行.
SQL: SHOW COLUMNS FROM `flower_org` [ RunTime:0.035869s ]
NOTIC: [8] Undefined index: _in C:\Users\Asher\Documents\GitHub\Power\Lib\Action\CommonAction.class.php 第 328 行.
NOTIC: [2] preg_replace(): The /e modifier is no longer supported, use preg_replace_callback instead C:\Users\Asher\Documents\GitHub\Power\ThinkPHP\Lib\Core\Db.class.php 第 605 行.
SQL: SELECT COUNT(*) AS tp_count FROM `flower_org` WHERE (  org_status <> "del"  ) LIMIT 1   [ RunTime:0.000317s ]
NOTIC: [2] preg_replace(): The /e modifier is no longer supported, use preg_replace_callback instead C:\Users\Asher\Documents\GitHub\Power\ThinkPHP\Lib\Core\Db.class.php 第 605 行.
SQL: SELECT * FROM `flower_org` WHERE (  org_status <> "del"  ) LIMIT 0,20   [ RunTime:0.000139s ]

[ 2018-04-18T14:14:17+08:00 ] 127.0.0.1 /Power/index.php/Type/dataJson?_dc=1524032057556
INFO: [ app_begin ] --START--
INFO: ReadHtmlCache Behavior ::run [ RunTime:0.000521s ]
INFO: [ app_begin ] --END-- [ RunTime:0.000755s ]
NOTIC: [2] Declaration of CommonAction::error($message, $jumpUrl = '', $ajax = false) should be compatible with Action::error($message = '', $jumpUrl = '', $ajax = false) C:\Users\Asher\Documents\GitHub\Power\Lib\Action\CommonAction.class.php 第 549 行.
NOTIC: [2] Declaration of CommonAction::success($message, $jumpUrl = '', $ajax = false) should be compatible with Action::success($message = '', $jumpUrl = '', $ajax = false) C:\Users\Asher\Documents\GitHub\Power\Lib\Action\CommonAction.class.php 第 549 行.
NOTIC: [8] Use of undefined constant __PUBLIC__ - assumed '__PUBLIC__' C:\Users\Asher\Documents\GitHub\Power\Lib\Action\CommonAction.class.php 第 81 行.
NOTIC: [8] Use of undefined constant __PUBLIC__ - assumed '__PUBLIC__' C:\Users\Asher\Documents\GitHub\Power\Lib\Action\CommonAction.class.php 第 89 行.
SQL: SHOW COLUMNS FROM `flower_type` [ RunTime:0.023484s ]
NOTIC: [8] Undefined index: _in C:\Users\Asher\Documents\GitHub\Power\Lib\Action\CommonAction.class.php 第 328 行.
NOTIC: [2] preg_replace(): The /e modifier is no longer supported, use preg_replace_callback instead C:\Users\Asher\Documents\GitHub\Power\ThinkPHP\Lib\Core\Db.class.php 第 605 行.
SQL: SELECT COUNT(*) AS tp_count FROM `flower_type` WHERE (  t_status <> "del"  ) LIMIT 1   [ RunTime:0.000227s ]
NOTIC: [2] preg_replace(): The /e modifier is no longer supported, use preg_replace_callback instead C:\Users\Asher\Documents\GitHub\Power\ThinkPHP\Lib\Core\Db.class.php 第 605 行.
SQL: SELECT * FROM `flower_type` WHERE (  t_status <> "del"  ) LIMIT 0,20   [ RunTime:0.000190s ]

