[ 2018-10-31T11:33:49+08:00 ] 127.0.0.1 /Power/index.php/Product/dataJson?_dc=1540956829802
INFO: [ app_begin ] --START--
INFO: ReadHtmlCache Behavior ::run [ RunTime:0.000644s ]
INFO: [ app_begin ] --END-- [ RunTime:0.000679s ]
NOTIC: [2] Declaration of CommonAction::error($message, $jumpUrl = '', $ajax = false) should be compatible with Action::error($message = '', $jumpUrl = '', $ajax = false) C:\Users\Asher\Documents\GitHub\Power\Lib\Action\CommonAction.class.php 第 549 行.
NOTIC: [2] Declaration of CommonAction::success($message, $jumpUrl = '', $ajax = false) should be compatible with Action::success($message = '', $jumpUrl = '', $ajax = false) C:\Users\Asher\Documents\GitHub\Power\Lib\Action\CommonAction.class.php 第 549 行.
NOTIC: [8] Use of undefined constant __PUBLIC__ - assumed '__PUBLIC__' C:\Users\Asher\Documents\GitHub\Power\Lib\Action\CommonAction.class.php 第 81 行.
NOTIC: [8] Use of undefined constant __PUBLIC__ - assumed '__PUBLIC__' C:\Users\Asher\Documents\GitHub\Power\Lib\Action\CommonAction.class.php 第 89 行.
SQL: SHOW COLUMNS FROM `flower_product` [ RunTime:0.092093s ]
NOTIC: [8] Undefined index: _in C:\Users\Asher\Documents\GitHub\Power\Lib\Action\CommonAction.class.php 第 328 行.
NOTIC: [2] preg_replace(): The /e modifier is no longer supported, use preg_replace_callback instead C:\Users\Asher\Documents\GitHub\Power\ThinkPHP\Lib\Core\Db.class.php 第 605 行.
SQL: SELECT COUNT(*) AS tp_count FROM `flower_product` WHERE (  p_status <> "del"  ) LIMIT 1   [ RunTime:0.001076s ]
NOTIC: [2] preg_replace(): The /e modifier is no longer supported, use preg_replace_callback instead C:\Users\Asher\Documents\GitHub\Power\ThinkPHP\Lib\Core\Db.class.php 第 605 行.
SQL: SELECT flower_type.t_name,flower_type.t_id as p_type_id,flower_org.org_name,flower_org.org_id as p_org_id,flower_product.* FROM `flower_product` WHERE (  p_status <> "del"  ) LIMIT 0,20   [ RunTime:0.000452s ]
ERR: 1054:Unknown column 'flower_type.t_name' in 'field list'
 [ SQL语句 ] : SELECT flower_type.t_name,flower_type.t_id as p_type_id,flower_org.org_name,flower_org.org_id as p_org_id,flower_product.* FROM `flower_product` WHERE (  p_status <> "del"  ) LIMIT 0,20  

[ 2018-10-31T11:33:50+08:00 ] 127.0.0.1 /Power/index.php/Type/dataJson?_dc=1540956829811
INFO: [ app_begin ] --START--
INFO: ReadHtmlCache Behavior ::run [ RunTime:0.000519s ]
INFO: [ app_begin ] --END-- [ RunTime:0.000548s ]
NOTIC: [2] Declaration of CommonAction::error($message, $jumpUrl = '', $ajax = false) should be compatible with Action::error($message = '', $jumpUrl = '', $ajax = false) C:\Users\Asher\Documents\GitHub\Power\Lib\Action\CommonAction.class.php 第 549 行.
NOTIC: [2] Declaration of CommonAction::success($message, $jumpUrl = '', $ajax = false) should be compatible with Action::success($message = '', $jumpUrl = '', $ajax = false) C:\Users\Asher\Documents\GitHub\Power\Lib\Action\CommonAction.class.php 第 549 行.
NOTIC: [8] Use of undefined constant __PUBLIC__ - assumed '__PUBLIC__' C:\Users\Asher\Documents\GitHub\Power\Lib\Action\CommonAction.class.php 第 81 行.
NOTIC: [8] Use of undefined constant __PUBLIC__ - assumed '__PUBLIC__' C:\Users\Asher\Documents\GitHub\Power\Lib\Action\CommonAction.class.php 第 89 行.
SQL: SHOW COLUMNS FROM `flower_type` [ RunTime:0.053561s ]
NOTIC: [8] Undefined index: _in C:\Users\Asher\Documents\GitHub\Power\Lib\Action\CommonAction.class.php 第 328 行.
NOTIC: [2] preg_replace(): The /e modifier is no longer supported, use preg_replace_callback instead C:\Users\Asher\Documents\GitHub\Power\ThinkPHP\Lib\Core\Db.class.php 第 605 行.
SQL: SELECT COUNT(*) AS tp_count FROM `flower_type` WHERE (  t_status <> "del"  ) LIMIT 1   [ RunTime:0.001894s ]
NOTIC: [2] preg_replace(): The /e modifier is no longer supported, use preg_replace_callback instead C:\Users\Asher\Documents\GitHub\Power\ThinkPHP\Lib\Core\Db.class.php 第 605 行.
SQL: SELECT * FROM `flower_type` WHERE (  t_status <> "del"  ) LIMIT 0,20   [ RunTime:0.000897s ]

[ 2018-10-31T11:33:50+08:00 ] 127.0.0.1 /Power/index.php/Org/dataJson?_dc=1540956829812
INFO: [ app_begin ] --START--
INFO: ReadHtmlCache Behavior ::run [ RunTime:0.000665s ]
INFO: [ app_begin ] --END-- [ RunTime:0.000700s ]
NOTIC: [2] Declaration of CommonAction::error($message, $jumpUrl = '', $ajax = false) should be compatible with Action::error($message = '', $jumpUrl = '', $ajax = false) C:\Users\Asher\Documents\GitHub\Power\Lib\Action\CommonAction.class.php 第 549 行.
NOTIC: [2] Declaration of CommonAction::success($message, $jumpUrl = '', $ajax = false) should be compatible with Action::success($message = '', $jumpUrl = '', $ajax = false) C:\Users\Asher\Documents\GitHub\Power\Lib\Action\CommonAction.class.php 第 549 行.
NOTIC: [8] Use of undefined constant __PUBLIC__ - assumed '__PUBLIC__' C:\Users\Asher\Documents\GitHub\Power\Lib\Action\CommonAction.class.php 第 81 行.
NOTIC: [8] Use of undefined constant __PUBLIC__ - assumed '__PUBLIC__' C:\Users\Asher\Documents\GitHub\Power\Lib\Action\CommonAction.class.php 第 89 行.
SQL: SHOW COLUMNS FROM `flower_org` [ RunTime:0.077685s ]
NOTIC: [8] Undefined index: _in C:\Users\Asher\Documents\GitHub\Power\Lib\Action\CommonAction.class.php 第 328 行.
NOTIC: [2] preg_replace(): The /e modifier is no longer supported, use preg_replace_callback instead C:\Users\Asher\Documents\GitHub\Power\ThinkPHP\Lib\Core\Db.class.php 第 605 行.
SQL: SELECT COUNT(*) AS tp_count FROM `flower_org` WHERE (  org_status <> "del"  ) LIMIT 1   [ RunTime:0.000552s ]
NOTIC: [2] preg_replace(): The /e modifier is no longer supported, use preg_replace_callback instead C:\Users\Asher\Documents\GitHub\Power\ThinkPHP\Lib\Core\Db.class.php 第 605 行.
SQL: SELECT * FROM `flower_org` WHERE (  org_status <> "del"  ) LIMIT 0,20   [ RunTime:0.000364s ]

[ 2018-10-31T11:33:50+08:00 ] 127.0.0.1 /Power/index.php/Goods/dataJson?_dc=1540956830538
INFO: [ app_begin ] --START--
INFO: ReadHtmlCache Behavior ::run [ RunTime:0.000641s ]
INFO: [ app_begin ] --END-- [ RunTime:0.000673s ]
NOTIC: [2] Declaration of CommonAction::error($message, $jumpUrl = '', $ajax = false) should be compatible with Action::error($message = '', $jumpUrl = '', $ajax = false) C:\Users\Asher\Documents\GitHub\Power\Lib\Action\CommonAction.class.php 第 549 行.
NOTIC: [2] Declaration of CommonAction::success($message, $jumpUrl = '', $ajax = false) should be compatible with Action::success($message = '', $jumpUrl = '', $ajax = false) C:\Users\Asher\Documents\GitHub\Power\Lib\Action\CommonAction.class.php 第 549 行.
NOTIC: [8] Use of undefined constant __PUBLIC__ - assumed '__PUBLIC__' C:\Users\Asher\Documents\GitHub\Power\Lib\Action\CommonAction.class.php 第 81 行.
NOTIC: [8] Use of undefined constant __PUBLIC__ - assumed '__PUBLIC__' C:\Users\Asher\Documents\GitHub\Power\Lib\Action\CommonAction.class.php 第 89 行.
SQL: SHOW COLUMNS FROM `flower_class` [ RunTime:0.019818s ]
ERR: 1146:Table 'flower.flower_class' doesn't exist
 [ SQL语句 ] : SHOW COLUMNS FROM `flower_class`
NOTIC: [8] Undefined index: _in C:\Users\Asher\Documents\GitHub\Power\Lib\Action\CommonAction.class.php 第 328 行.
NOTIC: [2] preg_replace(): The /e modifier is no longer supported, use preg_replace_callback instead C:\Users\Asher\Documents\GitHub\Power\ThinkPHP\Lib\Core\Db.class.php 第 605 行.
SQL: SELECT COUNT(*) AS tp_count FROM `flower_class` WHERE (  c_status <> "del"  ) LIMIT 1   [ RunTime:0.000726s ]
ERR: 1146:Table 'flower.flower_class' doesn't exist
 [ SQL语句 ] : SELECT COUNT(*) AS tp_count FROM `flower_class` WHERE (  c_status <> "del"  ) LIMIT 1  
NOTIC: [2] preg_replace(): The /e modifier is no longer supported, use preg_replace_callback instead C:\Users\Asher\Documents\GitHub\Power\ThinkPHP\Lib\Core\Db.class.php 第 605 行.
SQL: SELECT * FROM `flower_class` WHERE (  c_status <> "del"  ) LIMIT 0,20   [ RunTime:0.000151s ]
ERR: 1146:Table 'flower.flower_class' doesn't exist
 [ SQL语句 ] : SELECT * FROM `flower_class` WHERE (  c_status <> "del"  ) LIMIT 0,20  

[ 2018-10-31T11:33:52+08:00 ] 127.0.0.1 /Power/index.php/User/dataJson?_dc=1540956832929
INFO: [ app_begin ] --START--
INFO: ReadHtmlCache Behavior ::run [ RunTime:0.000570s ]
INFO: [ app_begin ] --END-- [ RunTime:0.000600s ]
NOTIC: [2] Declaration of CommonAction::error($message, $jumpUrl = '', $ajax = false) should be compatible with Action::error($message = '', $jumpUrl = '', $ajax = false) C:\Users\Asher\Documents\GitHub\Power\Lib\Action\CommonAction.class.php 第 549 行.
NOTIC: [2] Declaration of CommonAction::success($message, $jumpUrl = '', $ajax = false) should be compatible with Action::success($message = '', $jumpUrl = '', $ajax = false) C:\Users\Asher\Documents\GitHub\Power\Lib\Action\CommonAction.class.php 第 549 行.
NOTIC: [8] Use of undefined constant __PUBLIC__ - assumed '__PUBLIC__' C:\Users\Asher\Documents\GitHub\Power\Lib\Action\CommonAction.class.php 第 81 行.
NOTIC: [8] Use of undefined constant __PUBLIC__ - assumed '__PUBLIC__' C:\Users\Asher\Documents\GitHub\Power\Lib\Action\CommonAction.class.php 第 89 行.
SQL: SHOW COLUMNS FROM `flower_user` [ RunTime:0.035383s ]
NOTIC: [8] Undefined index: _in C:\Users\Asher\Documents\GitHub\Power\Lib\Action\CommonAction.class.php 第 328 行.
NOTIC: [2] preg_replace(): The /e modifier is no longer supported, use preg_replace_callback instead C:\Users\Asher\Documents\GitHub\Power\ThinkPHP\Lib\Core\Db.class.php 第 605 行.
SQL: SELECT COUNT(*) AS tp_count FROM `flower_user` WHERE (  u_status <> "del"  ) LIMIT 1   [ RunTime:0.000297s ]
NOTIC: [2] preg_replace(): The /e modifier is no longer supported, use preg_replace_callback instead C:\Users\Asher\Documents\GitHub\Power\ThinkPHP\Lib\Core\Db.class.php 第 605 行.
SQL: SELECT * FROM `flower_user` WHERE (  u_status <> "del"  ) LIMIT 0,20   [ RunTime:0.000176s ]

[ 2018-10-31T11:34:15+08:00 ] 127.0.0.1 /Power/index.php/User/dataJson?_dc=1540956855010
INFO: [ app_begin ] --START--
INFO: ReadHtmlCache Behavior ::run [ RunTime:0.000545s ]
INFO: [ app_begin ] --END-- [ RunTime:0.000575s ]
NOTIC: [2] Declaration of CommonAction::error($message, $jumpUrl = '', $ajax = false) should be compatible with Action::error($message = '', $jumpUrl = '', $ajax = false) C:\Users\Asher\Documents\GitHub\Power\Lib\Action\CommonAction.class.php 第 549 行.
NOTIC: [2] Declaration of CommonAction::success($message, $jumpUrl = '', $ajax = false) should be compatible with Action::success($message = '', $jumpUrl = '', $ajax = false) C:\Users\Asher\Documents\GitHub\Power\Lib\Action\CommonAction.class.php 第 549 行.
NOTIC: [8] Use of undefined constant __PUBLIC__ - assumed '__PUBLIC__' C:\Users\Asher\Documents\GitHub\Power\Lib\Action\CommonAction.class.php 第 81 行.
NOTIC: [8] Use of undefined constant __PUBLIC__ - assumed '__PUBLIC__' C:\Users\Asher\Documents\GitHub\Power\Lib\Action\CommonAction.class.php 第 89 行.
SQL: SHOW COLUMNS FROM `flower_user` [ RunTime:0.027162s ]
NOTIC: [8] Undefined index: _in C:\Users\Asher\Documents\GitHub\Power\Lib\Action\CommonAction.class.php 第 328 行.
NOTIC: [2] preg_replace(): The /e modifier is no longer supported, use preg_replace_callback instead C:\Users\Asher\Documents\GitHub\Power\ThinkPHP\Lib\Core\Db.class.php 第 605 行.
SQL: SELECT COUNT(*) AS tp_count FROM `flower_user` WHERE (  u_status <> "del"  ) LIMIT 1   [ RunTime:0.001623s ]
NOTIC: [2] preg_replace(): The /e modifier is no longer supported, use preg_replace_callback instead C:\Users\Asher\Documents\GitHub\Power\ThinkPHP\Lib\Core\Db.class.php 第 605 行.
SQL: SELECT * FROM `flower_user` WHERE (  u_status <> "del"  ) LIMIT 0,20   [ RunTime:0.000307s ]

[ 2018-10-31T11:34:18+08:00 ] 127.0.0.1 /Power/index.php/Product/dataJson?_dc=1540956858393
INFO: [ app_begin ] --START--
INFO: ReadHtmlCache Behavior ::run [ RunTime:0.000490s ]
INFO: [ app_begin ] --END-- [ RunTime:0.000517s ]
NOTIC: [2] Declaration of CommonAction::error($message, $jumpUrl = '', $ajax = false) should be compatible with Action::error($message = '', $jumpUrl = '', $ajax = false) C:\Users\Asher\Documents\GitHub\Power\Lib\Action\CommonAction.class.php 第 549 行.
NOTIC: [2] Declaration of CommonAction::success($message, $jumpUrl = '', $ajax = false) should be compatible with Action::success($message = '', $jumpUrl = '', $ajax = false) C:\Users\Asher\Documents\GitHub\Power\Lib\Action\CommonAction.class.php 第 549 行.
NOTIC: [8] Use of undefined constant __PUBLIC__ - assumed '__PUBLIC__' C:\Users\Asher\Documents\GitHub\Power\Lib\Action\CommonAction.class.php 第 81 行.
NOTIC: [8] Use of undefined constant __PUBLIC__ - assumed '__PUBLIC__' C:\Users\Asher\Documents\GitHub\Power\Lib\Action\CommonAction.class.php 第 89 行.
SQL: SHOW COLUMNS FROM `flower_product` [ RunTime:0.022651s ]
NOTIC: [8] Undefined index: _in C:\Users\Asher\Documents\GitHub\Power\Lib\Action\CommonAction.class.php 第 328 行.
NOTIC: [2] preg_replace(): The /e modifier is no longer supported, use preg_replace_callback instead C:\Users\Asher\Documents\GitHub\Power\ThinkPHP\Lib\Core\Db.class.php 第 605 行.
SQL: SELECT COUNT(*) AS tp_count FROM `flower_product` WHERE (  p_status <> "del"  ) LIMIT 1   [ RunTime:0.000225s ]
NOTIC: [2] preg_replace(): The /e modifier is no longer supported, use preg_replace_callback instead C:\Users\Asher\Documents\GitHub\Power\ThinkPHP\Lib\Core\Db.class.php 第 605 行.
SQL: SELECT flower_type.t_name,flower_type.t_id as p_type_id,flower_org.org_name,flower_org.org_id as p_org_id,flower_product.* FROM `flower_product` WHERE (  p_status <> "del"  ) LIMIT 0,20   [ RunTime:0.000137s ]
ERR: 1054:Unknown column 'flower_type.t_name' in 'field list'
 [ SQL语句 ] : SELECT flower_type.t_name,flower_type.t_id as p_type_id,flower_org.org_name,flower_org.org_id as p_org_id,flower_product.* FROM `flower_product` WHERE (  p_status <> "del"  ) LIMIT 0,20  

[ 2018-10-31T11:34:18+08:00 ] 127.0.0.1 /Power/index.php/Type/dataJson?_dc=1540956858394
INFO: [ app_begin ] --START--
INFO: ReadHtmlCache Behavior ::run [ RunTime:0.000699s ]
INFO: [ app_begin ] --END-- [ RunTime:0.000738s ]
NOTIC: [2] Declaration of CommonAction::error($message, $jumpUrl = '', $ajax = false) should be compatible with Action::error($message = '', $jumpUrl = '', $ajax = false) C:\Users\Asher\Documents\GitHub\Power\Lib\Action\CommonAction.class.php 第 549 行.
NOTIC: [2] Declaration of CommonAction::success($message, $jumpUrl = '', $ajax = false) should be compatible with Action::success($message = '', $jumpUrl = '', $ajax = false) C:\Users\Asher\Documents\GitHub\Power\Lib\Action\CommonAction.class.php 第 549 行.
NOTIC: [8] Use of undefined constant __PUBLIC__ - assumed '__PUBLIC__' C:\Users\Asher\Documents\GitHub\Power\Lib\Action\CommonAction.class.php 第 81 行.
NOTIC: [8] Use of undefined constant __PUBLIC__ - assumed '__PUBLIC__' C:\Users\Asher\Documents\GitHub\Power\Lib\Action\CommonAction.class.php 第 89 行.
SQL: SHOW COLUMNS FROM `flower_type` [ RunTime:0.019277s ]
NOTIC: [8] Undefined index: _in C:\Users\Asher\Documents\GitHub\Power\Lib\Action\CommonAction.class.php 第 328 行.
NOTIC: [2] preg_replace(): The /e modifier is no longer supported, use preg_replace_callback instead C:\Users\Asher\Documents\GitHub\Power\ThinkPHP\Lib\Core\Db.class.php 第 605 行.
SQL: SELECT COUNT(*) AS tp_count FROM `flower_type` WHERE (  t_status <> "del"  ) LIMIT 1   [ RunTime:0.000270s ]
NOTIC: [2] preg_replace(): The /e modifier is no longer supported, use preg_replace_callback instead C:\Users\Asher\Documents\GitHub\Power\ThinkPHP\Lib\Core\Db.class.php 第 605 行.
SQL: SELECT * FROM `flower_type` WHERE (  t_status <> "del"  ) LIMIT 0,20   [ RunTime:0.000158s ]

[ 2018-10-31T11:34:18+08:00 ] 127.0.0.1 /Power/index.php/Org/dataJson?_dc=1540956858395
INFO: [ app_begin ] --START--
INFO: ReadHtmlCache Behavior ::run [ RunTime:0.000488s ]
INFO: [ app_begin ] --END-- [ RunTime:0.000518s ]
NOTIC: [2] Declaration of CommonAction::error($message, $jumpUrl = '', $ajax = false) should be compatible with Action::error($message = '', $jumpUrl = '', $ajax = false) C:\Users\Asher\Documents\GitHub\Power\Lib\Action\CommonAction.class.php 第 549 行.
NOTIC: [2] Declaration of CommonAction::success($message, $jumpUrl = '', $ajax = false) should be compatible with Action::success($message = '', $jumpUrl = '', $ajax = false) C:\Users\Asher\Documents\GitHub\Power\Lib\Action\CommonAction.class.php 第 549 行.
NOTIC: [8] Use of undefined constant __PUBLIC__ - assumed '__PUBLIC__' C:\Users\Asher\Documents\GitHub\Power\Lib\Action\CommonAction.class.php 第 81 行.
NOTIC: [8] Use of undefined constant __PUBLIC__ - assumed '__PUBLIC__' C:\Users\Asher\Documents\GitHub\Power\Lib\Action\CommonAction.class.php 第 89 行.
SQL: SHOW COLUMNS FROM `flower_org` [ RunTime:0.019026s ]
NOTIC: [8] Undefined index: _in C:\Users\Asher\Documents\GitHub\Power\Lib\Action\CommonAction.class.php 第 328 行.
NOTIC: [2] preg_replace(): The /e modifier is no longer supported, use preg_replace_callback instead C:\Users\Asher\Documents\GitHub\Power\ThinkPHP\Lib\Core\Db.class.php 第 605 行.
SQL: SELECT COUNT(*) AS tp_count FROM `flower_org` WHERE (  org_status <> "del"  ) LIMIT 1   [ RunTime:0.000276s ]
NOTIC: [2] preg_replace(): The /e modifier is no longer supported, use preg_replace_callback instead C:\Users\Asher\Documents\GitHub\Power\ThinkPHP\Lib\Core\Db.class.php 第 605 行.
SQL: SELECT * FROM `flower_org` WHERE (  org_status <> "del"  ) LIMIT 0,20   [ RunTime:0.000295s ]

[ 2018-10-31T11:34:19+08:00 ] 127.0.0.1 /Power/index.php/Goods/dataJson?_dc=1540956859897
INFO: [ app_begin ] --START--
INFO: ReadHtmlCache Behavior ::run [ RunTime:0.000492s ]
INFO: [ app_begin ] --END-- [ RunTime:0.000518s ]
NOTIC: [2] Declaration of CommonAction::error($message, $jumpUrl = '', $ajax = false) should be compatible with Action::error($message = '', $jumpUrl = '', $ajax = false) C:\Users\Asher\Documents\GitHub\Power\Lib\Action\CommonAction.class.php 第 549 行.
NOTIC: [2] Declaration of CommonAction::success($message, $jumpUrl = '', $ajax = false) should be compatible with Action::success($message = '', $jumpUrl = '', $ajax = false) C:\Users\Asher\Documents\GitHub\Power\Lib\Action\CommonAction.class.php 第 549 行.
NOTIC: [8] Use of undefined constant __PUBLIC__ - assumed '__PUBLIC__' C:\Users\Asher\Documents\GitHub\Power\Lib\Action\CommonAction.class.php 第 81 行.
NOTIC: [8] Use of undefined constant __PUBLIC__ - assumed '__PUBLIC__' C:\Users\Asher\Documents\GitHub\Power\Lib\Action\CommonAction.class.php 第 89 行.
SQL: SHOW COLUMNS FROM `flower_class` [ RunTime:0.015332s ]
ERR: 1146:Table 'flower.flower_class' doesn't exist
 [ SQL语句 ] : SHOW COLUMNS FROM `flower_class`
NOTIC: [8] Undefined index: _in C:\Users\Asher\Documents\GitHub\Power\Lib\Action\CommonAction.class.php 第 328 行.
NOTIC: [2] preg_replace(): The /e modifier is no longer supported, use preg_replace_callback instead C:\Users\Asher\Documents\GitHub\Power\ThinkPHP\Lib\Core\Db.class.php 第 605 行.
SQL: SELECT COUNT(*) AS tp_count FROM `flower_class` WHERE (  c_status <> "del"  ) LIMIT 1   [ RunTime:0.000273s ]
ERR: 1146:Table 'flower.flower_class' doesn't exist
 [ SQL语句 ] : SELECT COUNT(*) AS tp_count FROM `flower_class` WHERE (  c_status <> "del"  ) LIMIT 1  
NOTIC: [2] preg_replace(): The /e modifier is no longer supported, use preg_replace_callback instead C:\Users\Asher\Documents\GitHub\Power\ThinkPHP\Lib\Core\Db.class.php 第 605 行.
SQL: SELECT * FROM `flower_class` WHERE (  c_status <> "del"  ) LIMIT 0,20   [ RunTime:0.000125s ]
ERR: 1146:Table 'flower.flower_class' doesn't exist
 [ SQL语句 ] : SELECT * FROM `flower_class` WHERE (  c_status <> "del"  ) LIMIT 0,20  

[ 2018-10-31T11:34:25+08:00 ] 127.0.0.1 /Power/index.php/Type/dataJson?_dc=1540956865199
INFO: [ app_begin ] --START--
INFO: ReadHtmlCache Behavior ::run [ RunTime:0.001347s ]
INFO: [ app_begin ] --END-- [ RunTime:0.001458s ]
NOTIC: [2] Declaration of CommonAction::error($message, $jumpUrl = '', $ajax = false) should be compatible with Action::error($message = '', $jumpUrl = '', $ajax = false) C:\Users\Asher\Documents\GitHub\Power\Lib\Action\CommonAction.class.php 第 549 行.
NOTIC: [2] Declaration of CommonAction::success($message, $jumpUrl = '', $ajax = false) should be compatible with Action::success($message = '', $jumpUrl = '', $ajax = false) C:\Users\Asher\Documents\GitHub\Power\Lib\Action\CommonAction.class.php 第 549 行.
NOTIC: [8] Use of undefined constant __PUBLIC__ - assumed '__PUBLIC__' C:\Users\Asher\Documents\GitHub\Power\Lib\Action\CommonAction.class.php 第 81 行.
NOTIC: [8] Use of undefined constant __PUBLIC__ - assumed '__PUBLIC__' C:\Users\Asher\Documents\GitHub\Power\Lib\Action\CommonAction.class.php 第 89 行.
SQL: SHOW COLUMNS FROM `flower_type` [ RunTime:0.034524s ]
NOTIC: [8] Undefined index: _in C:\Users\Asher\Documents\GitHub\Power\Lib\Action\CommonAction.class.php 第 328 行.
NOTIC: [2] preg_replace(): The /e modifier is no longer supported, use preg_replace_callback instead C:\Users\Asher\Documents\GitHub\Power\ThinkPHP\Lib\Core\Db.class.php 第 605 行.
SQL: SELECT COUNT(*) AS tp_count FROM `flower_type` WHERE (  t_status <> "del"  ) LIMIT 1   [ RunTime:0.000321s ]
NOTIC: [2] preg_replace(): The /e modifier is no longer supported, use preg_replace_callback instead C:\Users\Asher\Documents\GitHub\Power\ThinkPHP\Lib\Core\Db.class.php 第 605 行.
SQL: SELECT * FROM `flower_type` WHERE (  t_status <> "del"  ) LIMIT 0,20   [ RunTime:0.000205s ]

[ 2018-10-31T11:34:38+08:00 ] 127.0.0.1 /Power/index.php/Product/dataJson?_dc=1540956877880
INFO: [ app_begin ] --START--
INFO: ReadHtmlCache Behavior ::run [ RunTime:0.000524s ]
INFO: [ app_begin ] --END-- [ RunTime:0.000550s ]
NOTIC: [2] Declaration of CommonAction::error($message, $jumpUrl = '', $ajax = false) should be compatible with Action::error($message = '', $jumpUrl = '', $ajax = false) C:\Users\Asher\Documents\GitHub\Power\Lib\Action\CommonAction.class.php 第 549 行.
NOTIC: [2] Declaration of CommonAction::success($message, $jumpUrl = '', $ajax = false) should be compatible with Action::success($message = '', $jumpUrl = '', $ajax = false) C:\Users\Asher\Documents\GitHub\Power\Lib\Action\CommonAction.class.php 第 549 行.
NOTIC: [8] Use of undefined constant __PUBLIC__ - assumed '__PUBLIC__' C:\Users\Asher\Documents\GitHub\Power\Lib\Action\CommonAction.class.php 第 81 行.
NOTIC: [8] Use of undefined constant __PUBLIC__ - assumed '__PUBLIC__' C:\Users\Asher\Documents\GitHub\Power\Lib\Action\CommonAction.class.php 第 89 行.
SQL: SHOW COLUMNS FROM `flower_product` [ RunTime:0.073830s ]
NOTIC: [8] Undefined index: _in C:\Users\Asher\Documents\GitHub\Power\Lib\Action\CommonAction.class.php 第 328 行.
NOTIC: [2] preg_replace(): The /e modifier is no longer supported, use preg_replace_callback instead C:\Users\Asher\Documents\GitHub\Power\ThinkPHP\Lib\Core\Db.class.php 第 605 行.
SQL: SELECT COUNT(*) AS tp_count FROM `flower_product` WHERE (  p_status <> "del"  ) LIMIT 1   [ RunTime:0.000305s ]
NOTIC: [2] preg_replace(): The /e modifier is no longer supported, use preg_replace_callback instead C:\Users\Asher\Documents\GitHub\Power\ThinkPHP\Lib\Core\Db.class.php 第 605 行.
SQL: SELECT flower_type.t_name,flower_type.t_id as p_type_id,flower_org.org_name,flower_org.org_id as p_org_id,flower_product.* FROM `flower_product` WHERE (  p_status <> "del"  ) LIMIT 0,20   [ RunTime:0.000153s ]
ERR: 1054:Unknown column 'flower_type.t_name' in 'field list'
 [ SQL语句 ] : SELECT flower_type.t_name,flower_type.t_id as p_type_id,flower_org.org_name,flower_org.org_id as p_org_id,flower_product.* FROM `flower_product` WHERE (  p_status <> "del"  ) LIMIT 0,20  

[ 2018-10-31T11:34:38+08:00 ] 127.0.0.1 /Power/index.php/Type/dataJson?_dc=1540956877894
INFO: [ app_begin ] --START--
INFO: ReadHtmlCache Behavior ::run [ RunTime:0.000500s ]
INFO: [ app_begin ] --END-- [ RunTime:0.000527s ]
NOTIC: [2] Declaration of CommonAction::error($message, $jumpUrl = '', $ajax = false) should be compatible with Action::error($message = '', $jumpUrl = '', $ajax = false) C:\Users\Asher\Documents\GitHub\Power\Lib\Action\CommonAction.class.php 第 549 行.
NOTIC: [2] Declaration of CommonAction::success($message, $jumpUrl = '', $ajax = false) should be compatible with Action::success($message = '', $jumpUrl = '', $ajax = false) C:\Users\Asher\Documents\GitHub\Power\Lib\Action\CommonAction.class.php 第 549 行.
NOTIC: [8] Use of undefined constant __PUBLIC__ - assumed '__PUBLIC__' C:\Users\Asher\Documents\GitHub\Power\Lib\Action\CommonAction.class.php 第 81 行.
NOTIC: [8] Use of undefined constant __PUBLIC__ - assumed '__PUBLIC__' C:\Users\Asher\Documents\GitHub\Power\Lib\Action\CommonAction.class.php 第 89 行.
SQL: SHOW COLUMNS FROM `flower_type` [ RunTime:0.048583s ]
NOTIC: [8] Undefined index: _in C:\Users\Asher\Documents\GitHub\Power\Lib\Action\CommonAction.class.php 第 328 行.
NOTIC: [2] preg_replace(): The /e modifier is no longer supported, use preg_replace_callback instead C:\Users\Asher\Documents\GitHub\Power\ThinkPHP\Lib\Core\Db.class.php 第 605 行.
SQL: SELECT COUNT(*) AS tp_count FROM `flower_type` WHERE (  t_status <> "del"  ) LIMIT 1   [ RunTime:0.000395s ]
NOTIC: [2] preg_replace(): The /e modifier is no longer supported, use preg_replace_callback instead C:\Users\Asher\Documents\GitHub\Power\ThinkPHP\Lib\Core\Db.class.php 第 605 行.
SQL: SELECT * FROM `flower_type` WHERE (  t_status <> "del"  ) LIMIT 0,20   [ RunTime:0.000365s ]

[ 2018-10-31T11:34:38+08:00 ] 127.0.0.1 /Power/index.php/Org/dataJson?_dc=1540956877897
INFO: [ app_begin ] --START--
INFO: ReadHtmlCache Behavior ::run [ RunTime:0.000542s ]
INFO: [ app_begin ] --END-- [ RunTime:0.000572s ]
NOTIC: [2] Declaration of CommonAction::error($message, $jumpUrl = '', $ajax = false) should be compatible with Action::error($message = '', $jumpUrl = '', $ajax = false) C:\Users\Asher\Documents\GitHub\Power\Lib\Action\CommonAction.class.php 第 549 行.
NOTIC: [2] Declaration of CommonAction::success($message, $jumpUrl = '', $ajax = false) should be compatible with Action::success($message = '', $jumpUrl = '', $ajax = false) C:\Users\Asher\Documents\GitHub\Power\Lib\Action\CommonAction.class.php 第 549 行.
NOTIC: [8] Use of undefined constant __PUBLIC__ - assumed '__PUBLIC__' C:\Users\Asher\Documents\GitHub\Power\Lib\Action\CommonAction.class.php 第 81 行.
NOTIC: [8] Use of undefined constant __PUBLIC__ - assumed '__PUBLIC__' C:\Users\Asher\Documents\GitHub\Power\Lib\Action\CommonAction.class.php 第 89 行.
SQL: SHOW COLUMNS FROM `flower_org` [ RunTime:0.049089s ]
NOTIC: [8] Undefined index: _in C:\Users\Asher\Documents\GitHub\Power\Lib\Action\CommonAction.class.php 第 328 行.
NOTIC: [2] preg_replace(): The /e modifier is no longer supported, use preg_replace_callback instead C:\Users\Asher\Documents\GitHub\Power\ThinkPHP\Lib\Core\Db.class.php 第 605 行.
SQL: SELECT COUNT(*) AS tp_count FROM `flower_org` WHERE (  org_status <> "del"  ) LIMIT 1   [ RunTime:0.000264s ]
NOTIC: [2] preg_replace(): The /e modifier is no longer supported, use preg_replace_callback instead C:\Users\Asher\Documents\GitHub\Power\ThinkPHP\Lib\Core\Db.class.php 第 605 行.
SQL: SELECT * FROM `flower_org` WHERE (  org_status <> "del"  ) LIMIT 0,20   [ RunTime:0.000337s ]

